app/build/intermediates/manifest_merge_blame_file/debug/manifest-merger-blame-debug-report.txt
1<?xml version="1.0" encoding="utf-8"?>
2<manifest xmlns:android="http://schemas.android.com/apk/res/android"
3    package="in.assignmentsolutions.momskart"
4    android:versionCode="1"
5    android:versionName="1.0" >
6
7    <uses-sdk
8        android:minSdkVersion="19"
8-->src/main/AndroidManifest.xml
9        android:targetSdkVersion="27" />
9-->src/main/AndroidManifest.xml
10
11    <uses-permission android:name="android.permission.ACCESS_WIFI_STATE" />
11-->src/main/AndroidManifest.xml:33:5-76
11-->src/main/AndroidManifest.xml:33:22-73
12    <uses-permission android:name="android.permission.READ_PHONE_STATE" />
12-->src/main/AndroidManifest.xml:34:5-75
12-->src/main/AndroidManifest.xml:34:22-72
13    <uses-permission android:name="android.permission.READ_EXTERNAL_STORAGE" />
13-->src/main/AndroidManifest.xml:35:5-80
13-->src/main/AndroidManifest.xml:35:22-77
14    <uses-permission android:name="android.permission.ACCESS_FINE_LOCATION" />
14-->src/main/AndroidManifest.xml:36:5-79
14-->src/main/AndroidManifest.xml:36:22-76
15    <uses-permission android:name="android.permission.ACCESS_COARSE_LOCATION" />
15-->src/main/AndroidManifest.xml:37:5-81
15-->src/main/AndroidManifest.xml:37:22-78
16    <uses-permission android:name="android.permission.INTERNET" />
16-->src/main/AndroidManifest.xml:39:5-67
16-->src/main/AndroidManifest.xml:39:22-64
17    <uses-permission android:name="android.permission.ACCESS_NETWORK_STATE" />
17-->[io.nlopez.smartlocation:library:3.3.3] AndroidManifest.xml:13:5-79
17-->[io.nlopez.smartlocation:library:3.3.3] AndroidManifest.xml:13:22-76
18    <uses-permission android:name="com.google.android.providers.gsf.permission.READ_GSERVICES" />
18-->[io.nlopez.smartlocation:library:3.3.3] AndroidManifest.xml:15:5-98
18-->[io.nlopez.smartlocation:library:3.3.3] AndroidManifest.xml:15:22-95
19    <uses-permission android:name="com.google.android.gms.permission.ACTIVITY_RECOGNITION" />
19-->[io.nlopez.smartlocation:library:3.3.3] AndroidManifest.xml:16:5-94
19-->[io.nlopez.smartlocation:library:3.3.3] AndroidManifest.xml:16:22-91
20
21    <application
21-->src/main/AndroidManifest.xml:5:5-32:19
22        android:allowBackup="true"
22-->src/main/AndroidManifest.xml:6:9-35
23        android:debuggable="true"
24        android:icon="@mipmap/ic_launcher"
24-->src/main/AndroidManifest.xml:7:9-43
25        android:label="@string/app_name"
25-->src/main/AndroidManifest.xml:8:9-41
26        android:roundIcon="@mipmap/ic_launcher_round"
26-->src/main/AndroidManifest.xml:9:9-54
27        android:supportsRtl="true"
27-->src/main/AndroidManifest.xml:10:9-35
28        android:theme="@style/AppTheme" >
28-->src/main/AndroidManifest.xml:11:9-40
29        <activity android:name="in.assignmentsolutions.momskart.ForgetPasswordActivity" />
29-->src/main/AndroidManifest.xml:12:9-60
29-->src/main/AndroidManifest.xml:12:19-57
30        <activity
30-->src/main/AndroidManifest.xml:13:9-21:20
31            android:name="in.assignmentsolutions.momskart.SplashScreen"
31-->src/main/AndroidManifest.xml:14:13-41
32            android:screenOrientation="portrait" >
32-->src/main/AndroidManifest.xml:15:13-49
33            <intent-filter>
33-->src/main/AndroidManifest.xml:16:13-20:29
34                <action android:name="android.intent.action.MAIN" />
34-->src/main/AndroidManifest.xml:17:17-69
34-->src/main/AndroidManifest.xml:17:25-66
35
36                <category android:name="android.intent.category.LAUNCHER" />
36-->src/main/AndroidManifest.xml:19:17-77
36-->src/main/AndroidManifest.xml:19:27-74
37            </intent-filter>
38        </activity>
39        <activity
39-->src/main/AndroidManifest.xml:22:9-24:52
40            android:name="in.assignmentsolutions.momskart.MainActivity"
40-->src/main/AndroidManifest.xml:23:13-41
41            android:screenOrientation="portrait" />
41-->src/main/AndroidManifest.xml:24:13-49
42        <activity
42-->src/main/AndroidManifest.xml:25:9-27:52
43            android:name="in.assignmentsolutions.momskart.SignupActivity"
43-->src/main/AndroidManifest.xml:26:13-43
44            android:screenOrientation="portrait" />
44-->src/main/AndroidManifest.xml:27:13-49
45        <activity android:name="in.assignmentsolutions.momskart.DeshboardActivity" />
45-->src/main/AndroidManifest.xml:28:9-55
45-->src/main/AndroidManifest.xml:28:19-52
46        <activity
46-->src/main/AndroidManifest.xml:29:9-31:50
47            android:name="in.assignmentsolutions.momskart.IntroActivity"
47-->src/main/AndroidManifest.xml:30:13-42
48            android:theme="@style/Theme.Intro" />
48-->src/main/AndroidManifest.xml:31:13-47
49
50        <service
50-->[io.nlopez.smartlocation:library:3.3.3] AndroidManifest.xml:19:9-21:40
51            android:name="io.nlopez.smartlocation.activity.providers.ActivityGooglePlayServicesProvider$ActivityRecognitionService"
51-->[io.nlopez.smartlocation:library:3.3.3] AndroidManifest.xml:20:13-132
52            android:exported="false" />
52-->[io.nlopez.smartlocation:library:3.3.3] AndroidManifest.xml:21:13-37
53        <service
53-->[io.nlopez.smartlocation:library:3.3.3] AndroidManifest.xml:22:9-24:40
54            android:name="io.nlopez.smartlocation.geofencing.providers.GeofencingGooglePlayServicesProvider$GeofencingService"
54-->[io.nlopez.smartlocation:library:3.3.3] AndroidManifest.xml:23:13-127
55            android:exported="false" />
55-->[io.nlopez.smartlocation:library:3.3.3] AndroidManifest.xml:24:13-37
56        <service
56-->[io.nlopez.smartlocation:library:3.3.3] AndroidManifest.xml:25:9-27:40
57            android:name="io.nlopez.smartlocation.geocoding.providers.AndroidGeocodingProvider$AndroidGeocodingService"
57-->[io.nlopez.smartlocation:library:3.3.3] AndroidManifest.xml:26:13-120
58            android:exported="false" />
58-->[io.nlopez.smartlocation:library:3.3.3] AndroidManifest.xml:27:13-37
59
60        <activity
60-->[com.google.android.gms:play-services-base:11.4.2] AndroidManifest.xml:19:9-172
61            android:name="com.google.android.gms.common.api.GoogleApiActivity"
61-->[com.google.android.gms:play-services-base:11.4.2] AndroidManifest.xml:19:19-85
62            android:exported="false"
62-->[com.google.android.gms:play-services-base:11.4.2] AndroidManifest.xml:19:146-170
63            android:theme="@android:style/Theme.Translucent.NoTitleBar" />
63-->[com.google.android.gms:play-services-base:11.4.2] AndroidManifest.xml:19:86-145
64
65        <meta-data
65-->[com.google.android.gms:play-services-basement:11.4.2] AndroidManifest.xml:20:9-121
66            android:name="com.google.android.gms.version"
66-->[com.google.android.gms:play-services-basement:11.4.2] AndroidManifest.xml:20:20-65
67            android:value="@integer/google_play_services_version" />
67-->[com.google.android.gms:play-services-basement:11.4.2] AndroidManifest.xml:20:66-119
68    </application>
69
70</manifest>